# JRE version: Java(TM) SE Runtime Environment (8.0_202-b08) (build 1.8.0_202-b08)
# Java VM: Java HotSpot(TM) 64-Bit Server VM (25.202-b08 mixed mode windows-amd64 compressed oops)
Heap:
 PSYoungGen      total 152576K, used 27107K [0x000000076bd00000, 0x0000000779800000, 0x00000007c0000000)
  eden space 136704K, 8% used [0x000000076bd00000,0x000000076c800f58,0x0000000774280000)
  from space 15872K, 99% used [0x0000000778880000,0x00000007797f7ec8,0x0000000779800000)
  to   space 17920K, 0% used [0x0000000777500000,0x0000000777500000,0x0000000778680000)
 ParOldGen       total 174592K, used 17752K [0x00000006c3600000, 0x00000006ce080000, 0x000000076bd00000)
  object space 174592K, 10% used [0x00000006c3600000,0x00000006c47562e8,0x00000006ce080000)
 Metaspace       used 46207K, capacity 49614K, committed 49832K, reserved 1091584K
  class space    used 6242K, capacity 6822K, committed 6832K, reserved 1048576K
GC Heap History (10 events):
Event: 3.207 GC heap before
{Heap before GC invocations=6 (full 1):
 PSYoungGen      total 102912K, used 102669K [0x000000076bd00000, 0x0000000774d00000, 0x00000007c0000000)
  eden space 96256K, 100% used [0x000000076bd00000,0x0000000771b00000,0x0000000771b00000)
  from space 6656K, 96% used [0x0000000774680000,0x0000000774cc3668,0x0000000774d00000)
  to   space 10752K, 0% used [0x0000000773800000,0x0000000773800000,0x0000000774280000)
 ParOldGen       total 104448K, used 6140K [0x00000006c3600000, 0x00000006c9c00000, 0x000000076bd00000)
  object space 104448K, 5% used [0x00000006c3600000,0x00000006c3bff0d8,0x00000006c9c00000)
 Metaspace       used 28037K, capacity 29904K, committed 30256K, reserved 1075200K
  class space    used 3687K, capacity 4030K, committed 4144K, reserved 1048576K
Event: 3.213 GC heap after
Heap after GC invocations=6 (full 1):
 PSYoungGen      total 136704K, used 10748K [0x000000076bd00000, 0x0000000776280000, 0x00000007c0000000)
  eden space 125952K, 0% used [0x000000076bd00000,0x000000076bd00000,0x0000000773800000)
  from space 10752K, 99% used [0x0000000773800000,0x000000077427f278,0x0000000774280000)
  to   space 13824K, 0% used [0x0000000775500000,0x0000000775500000,0x0000000776280000)
 ParOldGen       total 104448K, used 8570K [0x00000006c3600000, 0x00000006c9c00000, 0x000000076bd00000)
  object space 104448K, 8% used [0x00000006c3600000,0x00000006c3e5e8c8,0x00000006c9c00000)
 Metaspace       used 28037K, capacity 29904K, committed 30256K, reserved 1075200K
  class space    used 3687K, capacity 4030K, committed 4144K, reserved 1048576K
}
Event: 4.051 GC heap before
{Heap before GC invocations=7 (full 1):
 PSYoungGen      total 136704K, used 101966K [0x000000076bd00000, 0x0000000776280000, 0x00000007c0000000)
  eden space 125952K, 72% used [0x000000076bd00000,0x0000000771614770,0x0000000773800000)
  from space 10752K, 99% used [0x0000000773800000,0x000000077427f278,0x0000000774280000)
  to   space 13824K, 0% used [0x0000000775500000,0x0000000775500000,0x0000000776280000)
 ParOldGen       total 104448K, used 8570K [0x00000006c3600000, 0x00000006c9c00000, 0x000000076bd00000)
  object space 104448K, 8% used [0x00000006c3600000,0x00000006c3e5e8c8,0x00000006c9c00000)
 Metaspace       used 33034K, capacity 35290K, committed 35496K, reserved 1079296K
  class space    used 4344K, capacity 4758K, committed 4784K, reserved 1048576K
Event: 4.061 GC heap after
Heap after GC invocations=7 (full 1):
 PSYoungGen      total 153600K, used 13421K [0x000000076bd00000, 0x0000000779180000, 0x00000007c0000000)
  eden space 139776K, 0% used [0x000000076bd00000,0x000000076bd00000,0x0000000774580000)
  from space 13824K, 97% used [0x0000000775500000,0x000000077621b560,0x0000000776280000)
  to   space 15872K, 0% used [0x0000000774580000,0x0000000774580000,0x0000000775500000)
 ParOldGen       total 104448K, used 8578K [0x00000006c3600000, 0x00000006c9c00000, 0x000000076bd00000)
  object space 104448K, 8% used [0x00000006c3600000,0x00000006c3e608c8,0x00000006c9c00000)
 Metaspace       used 33034K, capacity 35290K, committed 35496K, reserved 1079296K
  class space    used 4344K, capacity 4758K, committed 4784K, reserved 1048576K
}
Event: 4.061 GC heap before
{Heap before GC invocations=8 (full 2):
 PSYoungGen      total 153600K, used 13421K [0x000000076bd00000, 0x0000000779180000, 0x00000007c0000000)
  eden space 139776K, 0% used [0x000000076bd00000,0x000000076bd00000,0x0000000774580000)
  from space 13824K, 97% used [0x0000000775500000,0x000000077621b560,0x0000000776280000)
  to   space 15872K, 0% used [0x0000000774580000,0x0000000774580000,0x0000000775500000)
 ParOldGen       total 104448K, used 8578K [0x00000006c3600000, 0x00000006c9c00000, 0x000000076bd00000)
  object space 104448K, 8% used [0x00000006c3600000,0x00000006c3e608c8,0x00000006c9c00000)
 Metaspace       used 33034K, capacity 35290K, committed 35496K, reserved 1079296K
  class space    used 4344K, capacity 4758K, committed 4784K, reserved 1048576K
Event: 4.098 GC heap after
Heap after GC invocations=8 (full 2):
 PSYoungGen      total 153600K, used 0K [0x000000076bd00000, 0x0000000779180000, 0x00000007c0000000)
  eden space 139776K, 0% used [0x000000076bd00000,0x000000076bd00000,0x0000000774580000)
  from space 13824K, 0% used [0x0000000775500000,0x0000000775500000,0x0000000776280000)
  to   space 15872K, 0% used [0x0000000774580000,0x0000000774580000,0x0000000775500000)
 ParOldGen       total 174592K, used 17736K [0x00000006c3600000, 0x00000006ce080000, 0x000000076bd00000)
  object space 174592K, 10% used [0x00000006c3600000,0x00000006c47522e8,0x00000006ce080000)
 Metaspace       used 33034K, capacity 35290K, committed 35496K, reserved 1079296K
  class space    used 4344K, capacity 4758K, committed 4784K, reserved 1048576K
}
Event: 5.927 GC heap before
{Heap before GC invocations=9 (full 2):
 PSYoungGen      total 153600K, used 139776K [0x000000076bd00000, 0x0000000779180000, 0x00000007c0000000)
  eden space 139776K, 100% used [0x000000076bd00000,0x0000000774580000,0x0000000774580000)
  from space 13824K, 0% used [0x0000000775500000,0x0000000775500000,0x0000000776280000)
  to   space 15872K, 0% used [0x0000000774580000,0x0000000774580000,0x0000000775500000)
 ParOldGen       total 174592K, used 17736K [0x00000006c3600000, 0x00000006ce080000, 0x000000076bd00000)
  object space 174592K, 10% used [0x00000006c3600000,0x00000006c47522e8,0x00000006ce080000)
 Metaspace       used 40537K, capacity 43642K, committed 43944K, reserved 1087488K
  class space    used 5506K, capacity 6058K, committed 6064K, reserved 1048576K
Event: 5.934 GC heap after
Heap after GC invocations=9 (full 2):
 PSYoungGen      total 155648K, used 11734K [0x000000076bd00000, 0x0000000779880000, 0x00000007c0000000)
  eden space 139776K, 0% used [0x000000076bd00000,0x000000076bd00000,0x0000000774580000)
  from space 15872K, 73% used [0x0000000774580000,0x00000007750f5ad0,0x0000000775500000)
  to   space 16384K, 0% used [0x0000000778880000,0x0000000778880000,0x0000000779880000)
 ParOldGen       total 174592K, used 17744K [0x00000006c3600000, 0x00000006ce080000, 0x000000076bd00000)
  object space 174592K, 10% used [0x00000006c3600000,0x00000006c47542e8,0x00000006ce080000)
 Metaspace       used 40537K, capacity 43642K, committed 43944K, reserved 1087488K
  class space    used 5506K, capacity 6058K, committed 6064K, reserved 1048576K
}
Event: 267.271 GC heap before
{Heap before GC invocations=10 (full 2):
 PSYoungGen      total 155648K, used 151510K [0x000000076bd00000, 0x0000000779880000, 0x00000007c0000000)
  eden space 139776K, 100% used [0x000000076bd00000,0x0000000774580000,0x0000000774580000)
  from space 15872K, 73% used [0x0000000774580000,0x00000007750f5ad0,0x0000000775500000)
  to   space 16384K, 0% used [0x0000000778880000,0x0000000778880000,0x0000000779880000)
 ParOldGen       total 174592K, used 17744K [0x00000006c3600000, 0x00000006ce080000, 0x000000076bd00000)
  object space 174592K, 10% used [0x00000006c3600000,0x00000006c47542e8,0x00000006ce080000)
 Metaspace       used 46205K, capacity 49614K, committed 49832K, reserved 1091584K
  class space    used 6242K, capacity 6822K, committed 6832K, reserved 1048576K
Event: 267.286 GC heap after
Heap after GC invocations=10 (full 2):
 PSYoungGen      total 152576K, used 15839K [0x000000076bd00000, 0x0000000779800000, 0x00000007c0000000)
  eden space 136704K, 0% used [0x000000076bd00000,0x000000076bd00000,0x0000000774280000)
  from space 15872K, 99% used [0x0000000778880000,0x00000007797f7ec8,0x0000000779800000)
  to   space 17920K, 0% used [0x0000000777500000,0x0000000777500000,0x0000000778680000)
 ParOldGen       total 174592K, used 17752K [0x00000006c3600000, 0x00000006ce080000, 0x000000076bd00000)
  object space 174592K, 10% used [0x00000006c3600000,0x00000006c47562e8,0x00000006ce080000)
 Metaspace       used 46205K, capacity 49614K, committed 49832K, reserved 1091584K
  class space    used 6242K, capacity 6822K, committed 6832K, reserved 1048576K
}

